# JRE version: Java(TM) SE Runtime Environment (8.0_191-b12) (build 1.8.0_191-b12)
# Java VM: Java HotSpot(TM) Client VM (25.191-b12 mixed mode windows-x86 )
Heap:
 def new generation   total 157248K, used 157247K [0x05600000, 0x100a0000, 0x100a0000)
  eden space 139776K, 100% used [0x05600000, 0x0de80000, 0x0de80000)
  from space 17472K,  99% used [0x0ef90000, 0x1009ffb8, 0x100a0000)
  to   space 17472K,   0% used [0x0de80000, 0x0de80000, 0x0ef90000)
 tenured generation   total 349568K, used 349567K [0x100a0000, 0x25600000, 0x25600000)
   the space 349568K,  99% used [0x100a0000, 0x255ffff8, 0x25600000, 0x25600000)
 Metaspace       used 22220K, capacity 22748K, committed 22912K, reserved 22912K
GC Heap History (10 events):
Event: 2211.790 GC heap before
{Heap before GC invocations=45 (full 25):
 def new generation   total 157248K, used 157242K [0x05600000, 0x100a0000, 0x100a0000)
  eden space 139776K, 100% used [0x05600000, 0x0de80000, 0x0de80000)
  from space 17472K,  99% used [0x0ef90000, 0x1009eb70, 0x100a0000)
  to   space 17472K,   0% used [0x0de80000, 0x0de80000, 0x0ef90000)
 tenured generation   total 349568K, used 349567K [0x100a0000, 0x25600000, 0x25600000)
   the space 349568K,  99% used [0x100a0000, 0x255ffff8, 0x25600000, 0x25600000)
 Metaspace       used 22218K, capacity 22748K, committed 22912K, reserved 22912K
Event: 2212.412 GC heap after
Heap after GC invocations=46 (full 26):
 def new generation   total 157248K, used 157222K [0x05600000, 0x100a0000, 0x100a0000)
  eden space 139776K,  99% used [0x05600000, 0x0de7b110, 0x0de80000)
  from space 17472K,  99% used [0x0ef90000, 0x1009e990, 0x100a0000)
  to   space 17472K,   0% used [0x0de80000, 0x0de80000, 0x0ef90000)
 tenured generation   total 349568K, used 349567K [0x100a0000, 0x25600000, 0x25600000)
   the space 349568K,  99% used [0x100a0000, 0x255ffff8, 0x25600000, 0x25600000)
 Metaspace       used 22218K, capacity 22748K, committed 22912K, reserved 22912K
}
Event: 2212.412 GC heap before
{Heap before GC invocations=46 (full 26):
 def new generation   total 157248K, used 157247K [0x05600000, 0x100a0000, 0x100a0000)
  eden space 139776K, 100% used [0x05600000, 0x0de80000, 0x0de80000)
  from space 17472K,  99% used [0x0ef90000, 0x1009ffe0, 0x100a0000)
  to   space 17472K,   0% used [0x0de80000, 0x0de80000, 0x0ef90000)
 tenured generation   total 349568K, used 349567K [0x100a0000, 0x25600000, 0x25600000)
   the space 349568K,  99% used [0x100a0000, 0x255ffff8, 0x25600000, 0x25600000)
 Metaspace       used 22218K, capacity 22748K, committed 22912K, reserved 22912K
Event: 2213.025 GC heap after
Heap after GC invocations=47 (full 27):
 def new generation   total 157248K, used 157229K [0x05600000, 0x100a0000, 0x100a0000)
  eden space 139776K,  99% used [0x05600000, 0x0de7ce80, 0x0de80000)
  from space 17472K,  99% used [0x0ef90000, 0x1009e970, 0x100a0000)
  to   space 17472K,   0% used [0x0de80000, 0x0de80000, 0x0ef90000)
 tenured generation   total 349568K, used 349567K [0x100a0000, 0x25600000, 0x25600000)
   the space 349568K,  99% used [0x100a0000, 0x255ffff8, 0x25600000, 0x25600000)
 Metaspace       used 22218K, capacity 22748K, committed 22912K, reserved 22912K
}
Event: 2213.026 GC heap before
{Heap before GC invocations=47 (full 27):
 def new generation   total 157248K, used 157248K [0x05600000, 0x100a0000, 0x100a0000)
  eden space 139776K, 100% used [0x05600000, 0x0de80000, 0x0de80000)
  from space 17472K, 100% used [0x0ef90000, 0x100a0000, 0x100a0000)
  to   space 17472K,   0% used [0x0de80000, 0x0de80000, 0x0ef90000)
 tenured generation   total 349568K, used 349567K [0x100a0000, 0x25600000, 0x25600000)
   the space 349568K,  99% used [0x100a0000, 0x255ffff8, 0x25600000, 0x25600000)
 Metaspace       used 22218K, capacity 22748K, committed 22912K, reserved 22912K
Event: 2213.731 GC heap after
Heap after GC invocations=48 (full 28):
 def new generation   total 157248K, used 157217K [0x05600000, 0x100a0000, 0x100a0000)
  eden space 139776K,  99% used [0x05600000, 0x0de7ab78, 0x0de80000)
  from space 17472K,  99% used [0x0ef90000, 0x1009d938, 0x100a0000)
  to   space 17472K,   0% used [0x0de80000, 0x0de80000, 0x0ef90000)
 tenured generation   total 349568K, used 349567K [0x100a0000, 0x25600000, 0x25600000)
   the space 349568K,  99% used [0x100a0000, 0x255ffff8, 0x25600000, 0x25600000)
 Metaspace       used 22218K, capacity 22748K, committed 22912K, reserved 22912K
}
Event: 2213.732 GC heap before
{Heap before GC invocations=48 (full 28):
 def new generation   total 157248K, used 157227K [0x05600000, 0x100a0000, 0x100a0000)
  eden space 139776K,  99% used [0x05600000, 0x0de7d490, 0x0de80000)
  from space 17472K,  99% used [0x0ef90000, 0x1009d938, 0x100a0000)
  to   space 17472K,   0% used [0x0de80000, 0x0de80000, 0x0ef90000)
 tenured generation   total 349568K, used 349567K [0x100a0000, 0x25600000, 0x25600000)
   the space 349568K,  99% used [0x100a0000, 0x255ffff8, 0x25600000, 0x25600000)
 Metaspace       used 22219K, capacity 22748K, committed 22912K, reserved 22912K
Event: 2214.384 GC heap after
Heap after GC invocations=49 (full 29):
 def new generation   total 157248K, used 157210K [0x05600000, 0x100a0000, 0x100a0000)
  eden space 139776K,  99% used [0x05600000, 0x0de7ac70, 0x0de80000)
  from space 17472K,  99% used [0x0ef90000, 0x1009be58, 0x100a0000)
  to   space 17472K,   0% used [0x0de80000, 0x0de80000, 0x0ef90000)
 tenured generation   total 349568K, used 349567K [0x100a0000, 0x25600000, 0x25600000)
   the space 349568K,  99% used [0x100a0000, 0x255ffff8, 0x25600000, 0x25600000)
 Metaspace       used 22219K, capacity 22748K, committed 22912K, reserved 22912K
}
Event: 2214.384 GC heap before
{Heap before GC invocations=49 (full 29):
 def new generation   total 157248K, used 157210K [0x05600000, 0x100a0000, 0x100a0000)
  eden space 139776K,  99% used [0x05600000, 0x0de7ac70, 0x0de80000)
  from space 17472K,  99% used [0x0ef90000, 0x1009be58, 0x100a0000)
  to   space 17472K,   0% used [0x0de80000, 0x0de80000, 0x0ef90000)
 tenured generation   total 349568K, used 349567K [0x100a0000, 0x25600000, 0x25600000)
   the space 349568K,  99% used [0x100a0000, 0x255ffff8, 0x25600000, 0x25600000)
 Metaspace       used 22219K, capacity 22748K, committed 22912K, reserved 22912K
Event: 2214.973 GC heap after
Heap after GC invocations=50 (full 30):
 def new generation   total 157248K, used 157210K [0x05600000, 0x100a0000, 0x100a0000)
  eden space 139776K,  99% used [0x05600000, 0x0de7ac70, 0x0de80000)
  from space 17472K,  99% used [0x0ef90000, 0x1009be58, 0x100a0000)
  to   space 17472K,   0% used [0x0de80000, 0x0de80000, 0x0ef90000)
 tenured generation   total 349568K, used 349567K [0x100a0000, 0x25600000, 0x25600000)
   the space 349568K,  99% used [0x100a0000, 0x255ffff8, 0x25600000, 0x25600000)
 Metaspace       used 22219K, capacity 22748K, committed 22912K, reserved 22912K
}

